0 info it worked if it ends with ok
1 verbose cli [ 'C:\\Program Files (x86)\\nodejs\\node.exe',
1 verbose cli   'C:\\Program Files (x86)\\nodejs\\node_modules\\npm\\bin\\npm-cli.js',
1 verbose cli   'run',
1 verbose cli   'lite' ]
2 info using npm@3.10.3
3 info using node@v6.6.0
4 verbose run-script [ 'prelite', 'lite', 'postlite' ]
5 info lifecycle cesium@1.25.0~prelite: cesium@1.25.0
6 silly lifecycle cesium@1.25.0~prelite: no script for prelite, continuing
7 info lifecycle cesium@1.25.0~lite: cesium@1.25.0
8 verbose lifecycle cesium@1.25.0~lite: unsafe-perm in lifecycle true
9 verbose lifecycle cesium@1.25.0~lite: PATH: C:\Program Files (x86)\nodejs\node_modules\npm\bin\node-gyp-bin;D:\NodePractice\Angular2Cesium\node_modules\.bin;C:\Program Files (x86)\nodejs;C:\Program Files (x86)\nodejs\node_modules\npm\bin\node-gyp-bin;D:\NodePractice\Angular2Cesium\node_modules\.bin;C:\Program Files (x86)\nodejs;C:\ProgramData\Oracle\Java\javapath;C:\Windows\system32;C:\Windows;C:\Windows\System32\Wbem;C:\Windows\System32\WindowsPowerShell\v1.0\;C:\Program Files (x86)\WebEx\Productivity Tools;C:\Users\neeraba\.dnx\bin;C:\Program Files\Microsoft DNX\Dnvm\;C:\Program Files\Microsoft SQL Server\120\Tools\Binn\;C:\Program Files\Microsoft SQL Server\130\Tools\Binn\;C:\Program Files (x86)\Windows Kits\10\Windows Performance Toolkit\;C:\Program Files (x86)\Microsoft SDKs\TypeScript\1.8;C:\Program Files (x86)\nodejs\;C:\Program Files (x86)\Microsoft VS Code\bin;C:\Program Files\MongoDB\Server\3.2\bin;C:\Users\neeraba\AppData\Roaming\npm
10 verbose lifecycle cesium@1.25.0~lite: CWD: D:\NodePractice\Angular2Cesium
11 silly lifecycle cesium@1.25.0~lite: Args: [ '/d /s /c', 'lite-server' ]
12 silly lifecycle cesium@1.25.0~lite: Returned: code: 3  signal: null
13 info lifecycle cesium@1.25.0~lite: Failed to exec lite script
14 verbose stack Error: cesium@1.25.0 lite: `lite-server`
14 verbose stack Exit status 3
14 verbose stack     at EventEmitter.<anonymous> (C:\Program Files (x86)\nodejs\node_modules\npm\lib\utils\lifecycle.js:242:16)
14 verbose stack     at emitTwo (events.js:106:13)
14 verbose stack     at EventEmitter.emit (events.js:191:7)
14 verbose stack     at ChildProcess.<anonymous> (C:\Program Files (x86)\nodejs\node_modules\npm\lib\utils\spawn.js:40:14)
14 verbose stack     at emitTwo (events.js:106:13)
14 verbose stack     at ChildProcess.emit (events.js:191:7)
14 verbose stack     at maybeClose (internal/child_process.js:877:16)
14 verbose stack     at Process.ChildProcess._handle.onexit (internal/child_process.js:226:5)
15 verbose pkgid cesium@1.25.0
16 verbose cwd D:\NodePractice\Angular2Cesium
17 error Windows_NT 10.0.10586
18 error argv "C:\\Program Files (x86)\\nodejs\\node.exe" "C:\\Program Files (x86)\\nodejs\\node_modules\\npm\\bin\\npm-cli.js" "run" "lite"
19 error node v6.6.0
20 error npm  v3.10.3
21 error code ELIFECYCLE
22 error cesium@1.25.0 lite: `lite-server`
22 error Exit status 3
23 error Failed at the cesium@1.25.0 lite script 'lite-server'.
23 error Make sure you have the latest version of node.js and npm installed.
23 error If you do, this is most likely a problem with the cesium package,
23 error not with npm itself.
23 error Tell the author that this fails on your system:
23 error     lite-server
23 error You can get information on how to open an issue for this project with:
23 error     npm bugs cesium
23 error Or if that isn't available, you can get their info via:
23 error     npm owner ls cesium
23 error There is likely additional logging output above.
24 verbose exit [ 1, true ]
